<?xml version="1.0" encoding="UTF-8"?>
<testsuite xmlns:xsi="http://www.w3.org/2001/XMLSchema-instance" xsi:noNamespaceSchemaLocation="https://maven.apache.org/surefire/maven-surefire-plugin/xsd/surefire-test-report.xsd" name="jenkintest.CalculatorTest" time="0.046" tests="2" errors="0" skipped="0" failures="0">
  <properties>
[...]
</properties>
  <testcase name="addTest" classname="jenkintest.CalculatorTest" time="0.034"/>
  <testcase name="mulTest" classname="jenkintest.CalculatorTest" time="0"/>
</testsuite>